# JRE version: OpenJDK Runtime Environment (11.0.10) (build 11.0.10+0-b96-7249189)
# Java VM: OpenJDK 64-Bit Server VM (11.0.10+0-b96-7249189, mixed mode, tiered, compressed oops, g1 gc, windows-amd64)
Heap:
 garbage-first heap   total 449536K, used 156255K [0x0000000080000000, 0x0000000100000000)
  region size 1024K, 19 young (19456K), 3 survivors (3072K)
 Metaspace       used 160735K, capacity 166455K, committed 166476K, reserved 1193984K
  class space    used 19794K, capacity 21818K, committed 21836K, reserved 1048576K
GC Heap History (20 events):
Event: 10084.249 GC heap before
{Heap before GC invocations=158 (full 0):
 garbage-first heap   total 449536K, used 223630K [0x0000000080000000, 0x0000000100000000)
  region size 1024K, 84 young (86016K), 6 survivors (6144K)
 Metaspace       used 160455K, capacity 166118K, committed 166220K, reserved 1193984K
  class space    used 19769K, capacity 21782K, committed 21836K, reserved 1048576K
}
Event: 10084.271 GC heap after
{Heap after GC invocations=159 (full 0):
 garbage-first heap   total 449536K, used 149772K [0x0000000080000000, 0x0000000100000000)
  region size 1024K, 11 young (11264K), 11 survivors (11264K)
 Metaspace       used 160455K, capacity 166118K, committed 166220K, reserved 1193984K
  class space    used 19769K, capacity 21782K, committed 21836K, reserved 1048576K
}
Event: 10084.376 GC heap before
{Heap before GC invocations=160 (full 0):
 garbage-first heap   total 449536K, used 151820K [0x0000000080000000, 0x0000000100000000)
  region size 1024K, 15 young (15360K), 11 survivors (11264K)
 Metaspace       used 160455K, capacity 166118K, committed 166220K, reserved 1193984K
  class space    used 19769K, capacity 21782K, committed 21836K, reserved 1048576K
}
Event: 10084.423 GC heap after
{Heap after GC invocations=161 (full 0):
 garbage-first heap   total 449536K, used 147663K [0x0000000080000000, 0x0000000100000000)
  region size 1024K, 6 young (6144K), 6 survivors (6144K)
 Metaspace       used 160455K, capacity 166118K, committed 166220K, reserved 1193984K
  class space    used 19769K, capacity 21782K, committed 21836K, reserved 1048576K
}
Event: 10243.045 GC heap before
{Heap before GC invocations=162 (full 0):
 garbage-first heap   total 449536K, used 319695K [0x0000000080000000, 0x0000000100000000)
  region size 1024K, 128 young (131072K), 6 survivors (6144K)
 Metaspace       used 160525K, capacity 166185K, committed 166476K, reserved 1193984K
  class space    used 19770K, capacity 21782K, committed 21836K, reserved 1048576K
}
Event: 10243.134 GC heap after
{Heap after GC invocations=163 (full 0):
 garbage-first heap   total 449536K, used 151238K [0x0000000080000000, 0x0000000100000000)
  region size 1024K, 9 young (9216K), 9 survivors (9216K)
 Metaspace       used 160525K, capacity 166185K, committed 166476K, reserved 1193984K
  class space    used 19770K, capacity 21782K, committed 21836K, reserved 1048576K
}
Event: 10243.282 GC heap before
{Heap before GC invocations=163 (full 0):
 garbage-first heap   total 449536K, used 162502K [0x0000000080000000, 0x0000000100000000)
  region size 1024K, 21 young (21504K), 9 survivors (9216K)
 Metaspace       used 160525K, capacity 166185K, committed 166476K, reserved 1193984K
  class space    used 19770K, capacity 21782K, committed 21836K, reserved 1048576K
}
Event: 10243.378 GC heap after
{Heap after GC invocations=164 (full 0):
 garbage-first heap   total 449536K, used 146451K [0x0000000080000000, 0x0000000100000000)
  region size 1024K, 3 young (3072K), 3 survivors (3072K)
 Metaspace       used 160525K, capacity 166185K, committed 166476K, reserved 1193984K
  class space    used 19770K, capacity 21782K, committed 21836K, reserved 1048576K
}
Event: 10243.855 GC heap before
{Heap before GC invocations=164 (full 0):
 garbage-first heap   total 449536K, used 172051K [0x0000000080000000, 0x0000000100000000)
  region size 1024K, 29 young (29696K), 3 survivors (3072K)
 Metaspace       used 160527K, capacity 166185K, committed 166476K, reserved 1193984K
  class space    used 19770K, capacity 21782K, committed 21836K, reserved 1048576K
}
Event: 10243.886 GC heap after
{Heap after GC invocations=165 (full 0):
 garbage-first heap   total 449536K, used 146451K [0x0000000080000000, 0x0000000100000000)
  region size 1024K, 3 young (3072K), 3 survivors (3072K)
 Metaspace       used 160527K, capacity 166185K, committed 166476K, reserved 1193984K
  class space    used 19770K, capacity 21782K, committed 21836K, reserved 1048576K
}
Event: 10291.000 GC heap before
{Heap before GC invocations=166 (full 0):
 garbage-first heap   total 449536K, used 285696K [0x0000000080000000, 0x0000000100000000)
  region size 1024K, 95 young (97280K), 3 survivors (3072K)
 Metaspace       used 160543K, capacity 166185K, committed 166476K, reserved 1193984K
  class space    used 19770K, capacity 21782K, committed 21836K, reserved 1048576K
}
Event: 10291.012 GC heap after
{Heap after GC invocations=167 (full 0):
 garbage-first heap   total 449536K, used 152526K [0x0000000080000000, 0x0000000100000000)
  region size 1024K, 9 young (9216K), 9 survivors (9216K)
 Metaspace       used 160543K, capacity 166185K, committed 166476K, reserved 1193984K
  class space    used 19770K, capacity 21782K, committed 21836K, reserved 1048576K
}
Event: 10291.080 GC heap before
{Heap before GC invocations=167 (full 0):
 garbage-first heap   total 449536K, used 163790K [0x0000000080000000, 0x0000000100000000)
  region size 1024K, 21 young (21504K), 9 survivors (9216K)
 Metaspace       used 160555K, capacity 166185K, committed 166476K, reserved 1193984K
  class space    used 19770K, capacity 21782K, committed 21836K, reserved 1048576K
}
Event: 10291.126 GC heap after
{Heap after GC invocations=168 (full 0):
 garbage-first heap   total 449536K, used 145290K [0x0000000080000000, 0x0000000100000000)
  region size 1024K, 3 young (3072K), 3 survivors (3072K)
 Metaspace       used 160555K, capacity 166185K, committed 166476K, reserved 1193984K
  class space    used 19770K, capacity 21782K, committed 21836K, reserved 1048576K
}
Event: 10291.364 GC heap before
{Heap before GC invocations=168 (full 0):
 garbage-first heap   total 449536K, used 169866K [0x0000000080000000, 0x0000000100000000)
  region size 1024K, 29 young (29696K), 3 survivors (3072K)
 Metaspace       used 160556K, capacity 166185K, committed 166476K, reserved 1193984K
  class space    used 19770K, capacity 21782K, committed 21836K, reserved 1048576K
}
Event: 10291.376 GC heap after
{Heap after GC invocations=169 (full 0):
 garbage-first heap   total 449536K, used 145574K [0x0000000080000000, 0x0000000100000000)
  region size 1024K, 4 young (4096K), 4 survivors (4096K)
 Metaspace       used 160556K, capacity 166185K, committed 166476K, reserved 1193984K
  class space    used 19770K, capacity 21782K, committed 21836K, reserved 1048576K
}
Event: 10377.172 GC heap before
{Heap before GC invocations=170 (full 0):
 garbage-first heap   total 449536K, used 314534K [0x0000000080000000, 0x0000000100000000)
  region size 1024K, 125 young (128000K), 4 survivors (4096K)
 Metaspace       used 160730K, capacity 166391K, committed 166476K, reserved 1193984K
  class space    used 19794K, capacity 21818K, committed 21836K, reserved 1048576K
}
Event: 10377.200 GC heap after
{Heap after GC invocations=171 (full 0):
 garbage-first heap   total 449536K, used 147418K [0x0000000080000000, 0x0000000100000000)
  region size 1024K, 6 young (6144K), 6 survivors (6144K)
 Metaspace       used 160730K, capacity 166391K, committed 166476K, reserved 1193984K
  class space    used 19794K, capacity 21818K, committed 21836K, reserved 1048576K
}
Event: 10377.463 GC heap before
{Heap before GC invocations=171 (full 0):
 garbage-first heap   total 449536K, used 161754K [0x0000000080000000, 0x0000000100000000)
  region size 1024K, 21 young (21504K), 6 survivors (6144K)
 Metaspace       used 160735K, capacity 166455K, committed 166476K, reserved 1193984K
  class space    used 19794K, capacity 21818K, committed 21836K, reserved 1048576K
}
Event: 10377.495 GC heap after
{Heap after GC invocations=172 (full 0):
 garbage-first heap   total 449536K, used 140895K [0x0000000080000000, 0x0000000100000000)
  region size 1024K, 3 young (3072K), 3 survivors (3072K)
 Metaspace       used 160735K, capacity 166455K, committed 166476K, reserved 1193984K
  class space    used 19794K, capacity 21818K, committed 21836K, reserved 1048576K
}

